GET /read 304 - - 2.724 ms
GET /read 304 - - 3.340 ms
GET /read 304 - - 3.319 ms
GET /read 304 - - 5.563 ms
GET /read 304 - - 4.708 ms
GET /read 304 - - 2.851 ms
GET /read 304 - - 5.427 ms
GET /read 304 - - 4.141 ms
GET /read 304 - - 2.937 ms
GET /read 304 - - 6.440 ms
GET /read 304 - - 3.988 ms
GET /read 304 - - 3.878 ms
GET /read 304 - - 6.100 ms
GET /read 304 - - 3.775 ms
GET /read 304 - - 2.712 ms
GET /read 304 - - 2.432 ms
GET /read 304 - - 2.457 ms
GET /read 304 - - 3.170 ms
GET /read 304 - - 4.047 ms
GET /read 304 - - 3.533 ms
GET /read 304 - - 2.659 ms
GET /read 304 - - 2.395 ms
GET /read 304 - - 4.542 ms
GET /read 304 - - 3.330 ms
GET /read 304 - - 3.827 ms
GET /read 304 - - 2.938 ms
GET /read 304 - - 2.901 ms
GET /read 304 - - 3.877 ms
GET /read 304 - - 2.526 ms
GET /read 304 - - 3.794 ms
GET /read 304 - - 4.315 ms
GET /read 304 - - 4.486 ms
GET /read 304 - - 3.890 ms
GET /read 304 - - 3.382 ms
GET /read 304 - - 2.720 ms
GET /read 304 - - 3.853 ms
GET /read 304 - - 3.023 ms
GET /read 304 - - 3.120 ms
GET /read 304 - - 7.136 ms
GET /read 304 - - 3.415 ms
GET /read 304 - - 3.426 ms
GET /read 304 - - 3.592 ms
GET /read 304 - - 4.432 ms
GET /read 304 - - 3.691 ms
GET /read 304 - - 2.090 ms
GET /read 304 - - 4.850 ms
GET /read 304 - - 3.462 ms
GET /read 304 - - 2.854 ms
GET /read 304 - - 3.547 ms
GET /read 304 - - 3.076 ms
GET /read 304 - - 3.769 ms
GET /read 304 - - 2.280 ms
GET /read 304 - - 2.568 ms
GET /read 304 - - 3.288 ms
GET /read 304 - - 5.175 ms
GET /read 304 - - 2.530 ms
GET /read 304 - - 5.151 ms
GET /read 304 - - 4.745 ms
GET /read 304 - - 2.410 ms
GET /read 304 - - 3.552 ms
GET /read 304 - - 3.615 ms
GET /read 304 - - 5.121 ms
GET /read 304 - - 2.841 ms
GET /read 304 - - 2.786 ms
GET /read 304 - - 1.923 ms
GET /read 304 - - 2.058 ms
GET /read 304 - - 3.242 ms
GET /read 304 - - 1.837 ms
GET /favicon.ico 404 150 - 5.270 ms
GET /read 200 1229 - 41.947 ms
GET /read 304 - - 7.403 ms
GET /read3 200 695 - 13.753 ms
GET /read3 304 - - 4.661 ms
GET /read5 200 1382 - 11.519 ms
GET /read5 304 - - 6.357 ms
GET /read4 200 583 - 7.933 ms
GET /read4 304 - - 5.147 ms
GET /read6 200 451 - 8.521 ms
GET /read6 304 - - 3.811 ms
GET /read7 200 530 - 6.994 ms
GET /read7 304 - - 4.274 ms
GET /read 304 - - 5.805 ms
GET /read 304 - - 3.864 ms
GET /read 304 - - 3.028 ms
GET /read 304 - - 3.173 ms
GET /read 304 - - 4.046 ms
GET /read 304 - - 4.493 ms
GET /read 304 - - 3.638 ms
GET /read 304 - - 4.006 ms
GET /read 304 - - 5.124 ms
GET /read 304 - - 4.294 ms
GET /read 304 - - 4.353 ms
GET /read 304 - - 3.822 ms
GET /read 304 - - 4.312 ms
GET /read 304 - - 4.472 ms
GET /read 304 - - 6.641 ms
GET /read 304 - - 5.091 ms
GET /read 304 - - 7.725 ms
GET /read 304 - - 5.612 ms
GET /read 304 - - 3.855 ms
GET /read 304 - - 3.012 ms
GET /read 304 - - 4.652 ms
GET /read 304 - - 4.266 ms
GET /read3 304 - - 6.979 ms
GET /read3 304 - - 4.293 ms
GET /read3 304 - - 5.422 ms
GET /read3 304 - - 6.539 ms
GET /read 304 - - 3.542 ms
GET /read 304 - - 2.932 ms
