GET /read 304 - - 23.672 ms
GET /read 304 - - 4.566 ms
DELETE /delete/6419b1061c3a1c33f4d6c628 - - - - ms
GET /read 200 1355 - 5.255 ms
GET /read 304 - - 3.876 ms
DELETE /delete/6419ca3af1f9883509bf60c4 - - - - ms
GET /read 200 1211 - 5.864 ms
GET /read 304 - - 2.684 ms
DELETE /delete/6419c8dff1f9883509bf60aa - - - - ms
GET /read 200 1064 - 4.190 ms
GET /read 304 - - 3.202 ms
DELETE /delete/6419c9c8f1f9883509bf60b8 - - - - ms
GET /read 200 917 - 4.150 ms
GET /read 304 - - 2.758 ms
GET /read3 200 2719 - 7.408 ms
GET /read3 304 - - 5.183 ms
DELETE /delete/6419b13e1c3a1c33f4d6c63b - - - - ms
GET /read3 200 2536 - 5.240 ms
GET /read3 304 - - 5.619 ms
DELETE /delete/6419e9ba056b98670cea2e43 - - - - ms
GET /read3 200 2380 - 7.095 ms
GET /read3 304 - - 4.178 ms
DELETE /delete/6419e356f1f9883509bf60f5 - - - - ms
GET /read3 200 2229 - 3.972 ms
GET /read3 304 - - 3.778 ms
DELETE /delete/6419e605dfae124f43d87abe - - - - ms
GET /read3 200 2081 - 6.650 ms
GET /read3 304 - - 5.112 ms
DELETE /delete/6419e6d3dfae124f43d87ac1 - - - - ms
GET /read3 200 1925 - 4.820 ms
GET /read3 304 - - 3.546 ms
DELETE /delete/641ab8f6e31aae9d24ce3691 - - - - ms
GET /read3 200 1753 - 4.549 ms
GET /read3 304 - - 4.508 ms
GET /read3 304 - - 3.273 ms
GET /read3 304 - - 5.808 ms
GET /read3 304 - - 3.137 ms
GET /read3 304 - - 8.505 ms
DELETE /delete/6419b13e1c3a1c33f4d6c63d - - - - ms
GET /read3 200 1570 - 3.048 ms
GET /read3 304 - - 3.746 ms
DELETE /delete/6419cf3bf1f9883509bf60ef - - - - ms
GET /read3 200 1398 - 2.970 ms
GET /read3 304 - - 3.505 ms
DELETE /delete/6419e71edfae124f43d87ac3 - - - - ms
GET /read3 200 1226 - 2.459 ms
GET /read3 304 - - 4.305 ms
DELETE /delete/6419e8799db4f9a24dfdb6b3 - - - - ms
GET /read3 200 1054 - 3.073 ms
GET /read3 304 - - 2.362 ms
GET /read4 304 - - 3.047 ms
GET /read4 304 - - 3.622 ms
GET /read6 304 - - 3.841 ms
GET /read6 304 - - 5.391 ms
GET /read7 200 666 - 5.466 ms
GET /read7 304 - - 3.249 ms
DELETE /delete/6419b16a1c3a1c33f4d6c64d - - - - ms
GET /read7 200 530 - 3.967 ms
GET /read7 304 - - 2.905 ms
GET /read3 304 - - 4.718 ms
GET /read3 304 - - 2.766 ms
GET /read3 304 - - 2.429 ms
GET /read3 304 - - 3.140 ms
GET /read3 304 - - 2.636 ms
GET /read3 304 - - 4.172 ms
DELETE /delete/6419e8c19e33770f4279901f - - - - ms
GET /read3 200 889 - 2.881 ms
GET /read3 304 - - 2.482 ms
DELETE /delete/6419e9ef843599aee73556de - - - - ms
GET /read3 200 695 - 3.030 ms
GET /read3 304 - - 2.838 ms
GET /read3 304 - - 2.967 ms
GET /read3 304 - - 2.815 ms
GET /read3 304 - - 2.050 ms
GET /read3 304 - - 2.700 ms
GET /read3 304 - - 2.340 ms
GET /read3 304 - - 2.029 ms
GET /read3 304 - - 2.026 ms
GET /read3 304 - - 2.604 ms
GET /read3 304 - - 2.934 ms
GET /read3 304 - - 3.302 ms
GET /read3 304 - - 3.188 ms
GET /read3 304 - - 3.905 ms
GET /read3 304 - - 4.433 ms
GET /read3 304 - - 3.287 ms
GET /read3 304 - - 2.323 ms
GET /read4 304 - - 17.061 ms
GET /read4 304 - - 5.340 ms
GET /read3 304 - - 7.357 ms
GET /read3 304 - - 4.122 ms
GET /read5 200 1382 - 7.792 ms
GET /read5 304 - - 4.679 ms
GET /read5 304 - - 8.054 ms
GET /read7 304 - - 7.909 ms
GET /read7 304 - - 6.300 ms
GET /read 304 - - 5.685 ms
GET /read 304 - - 5.376 ms
GET /favicon.ico 404 150 - 6.119 ms
