POST /login 200 15 - 27.175 ms
GET /read 304 - - 35.319 ms
POST /login 200 15 - 12.742 ms
GET /read 304 - - 11.514 ms
GET /read3 200 2036 - 18.983 ms
GET /read3 304 - - 13.254 ms
GET /read3 304 - - 6.753 ms
POST /login 200 15 - 6.413 ms
GET /read 304 - - 6.087 ms
POST /login 200 15 - 6.091 ms
GET /read 304 - - 10.116 ms
GET /read 304 - - 6.231 ms
GET /read 304 - - 8.462 ms
GET /read 304 - - 5.597 ms
GET /read 304 - - 6.478 ms
GET /read 304 - - 6.975 ms
GET /read 304 - - 7.450 ms
GET /read 304 - - 10.104 ms
POST /login 200 15 - 4.581 ms
POST /login 200 15 - 4.148 ms
GET /read 304 - - 10.110 ms
GET /read 304 - - 7.014 ms
POST /login 200 15 - 8.886 ms
GET /read 304 - - 7.249 ms
GET /read 304 - - 11.106 ms
GET / 404 139 - 7.376 ms
GET /read 304 - - 38.444 ms
GET /read 304 - - 10.121 ms
GET /read 304 - - 9.541 ms
GET /read 304 - - 9.650 ms
GET /read3 304 - - 12.831 ms
GET /read3 304 - - 6.591 ms
GET /read3 304 - - 31.218 ms
GET /read3 304 - - 10.335 ms
GET /read3 304 - - 5.255 ms
GET /read3 304 - - 6.863 ms
GET /read3 304 - - 8.179 ms
GET /read3 304 - - 6.456 ms
GET /read3 304 - - 6.951 ms
POST /donors 200 15 - 40.305 ms
POST /donors 200 15 - 11.027 ms
GET / 404 139 - 2.799 ms
GET /read3 200 2375 - 23.630 ms
GET /read3 304 - - 3.943 ms
GET /read3 304 - - 4.959 ms
POST /donors 200 15 - 29.922 ms
GET /read3 200 2547 - 7.066 ms
GET /read3 304 - - 3.836 ms
GET /read3 304 - - 3.266 ms
POST /donors 200 15 - 23.666 ms
GET /read6 304 - - 22.649 ms
GET /read6 304 - - 3.483 ms
GET /read7 304 - - 5.188 ms
GET /read7 304 - - 4.565 ms
GET /read7 304 - - 5.881 ms
GET /read7 304 - - 3.176 ms
GET /read7 304 - - 4.496 ms
GET /read7 304 - - 3.429 ms
GET /read7 304 - - 5.073 ms
GET /read7 304 - - 12.463 ms
POST /results 200 15 - 58.475 ms
GET /read7 200 404 - 10.354 ms
POST /results 200 15 - 30.530 ms
GET /read4 304 - - 14.479 ms
GET /read4 304 - - 6.437 ms
GET /read4 304 - - 23.967 ms
GET /read4 304 - - 5.721 ms
GET /read4 304 - - 4.167 ms
GET /read4 304 - - 3.963 ms
GET /read4 304 - - 2.762 ms
GET /read4 304 - - 5.269 ms
POST /hospitals 200 15 - 20.981 ms
GET /read5 304 - - 3.515 ms
GET /read5 304 - - 6.535 ms
GET /read5 304 - - 21.560 ms
GET /read5 304 - - 4.152 ms
GET /read5 304 - - 2.633 ms
GET /read5 304 - - 3.099 ms
