GET /read5 304 - - 4.601 ms
GET /read5 304 - - 2.127 ms
POST /patients 200 15 - 38.249 ms
POST /patients 200 15 - 10.694 ms
GET /read5 200 697 - 11.610 ms
GET /read5 304 - - 5.488 ms
GET /read5 304 - - 3.790 ms
POST /patients 200 15 - 6.097 ms
GET /read5 200 927 - 4.800 ms
GET /read5 304 - - 4.623 ms
GET /read5 304 - - 4.512 ms
GET /read5 304 - - 2.755 ms
GET /read5 304 - - 3.302 ms
GET /read5 304 - - 3.653 ms
GET /read5 304 - - 4.718 ms
GET /read5 304 - - 4.565 ms
GET /read5 304 - - 2.958 ms
GET /read5 304 - - 2.787 ms
GET /read5 304 - - 3.345 ms
GET /read5 304 - - 2.386 ms
GET /read5 304 - - 2.412 ms
POST /patients 200 15 - 21.108 ms
GET /read5 200 1166 - 9.545 ms
GET /read5 304 - - 4.430 ms
GET /read5 304 - - 2.990 ms
GET /read5 304 - - 3.180 ms
POST /patients 200 15 - 33.592 ms
GET /read7 200 535 - 20.020 ms
GET /read7 304 - - 3.730 ms
POST /results 200 15 - 7.026 ms
GET / 404 139 - 2.972 ms
GET /favicon.ico 404 150 - 2.794 ms
GET /%7Bpp.png%7D 404 151 - 4.573 ms
GET /%7Bpp%7D 404 147 - 3.047 ms
GET /%7BC:UsersKusumanjaliDesktop 404 167 - 4.047 ms
