GET /read 304 - - 4.037 ms
GET /read3 304 - - 3.193 ms
GET /read3 304 - - 10.220 ms
GET /read 304 - - 2.811 ms
GET /read 304 - - 4.159 ms
GET /read 304 - - 3.960 ms
GET /read 304 - - 3.543 ms
GET /read 304 - - 2.587 ms
GET /read 304 - - 3.809 ms
GET /read 304 - - 3.815 ms
GET /read 304 - - 7.225 ms
GET /read 304 - - 3.017 ms
GET /read 304 - - 2.697 ms
GET /read 304 - - 3.629 ms
GET /read 304 - - 3.666 ms
GET /read 304 - - 1.993 ms
GET /read 304 - - 2.671 ms
GET /read 304 - - 2.608 ms
GET /read 304 - - 3.549 ms
GET /read3 304 - - 3.589 ms
GET /read3 304 - - 4.453 ms
GET /read 304 - - 3.405 ms
GET /read 304 - - 3.713 ms
GET /read 304 - - 3.303 ms
GET /read 304 - - 2.929 ms
GET /read 304 - - 6.042 ms
GET /read3 304 - - 3.313 ms
GET /read3 304 - - 2.066 ms
GET /read6 304 - - 2.983 ms
GET /read6 304 - - 3.220 ms
GET /read7 304 - - 3.826 ms
GET /read7 304 - - 2.984 ms
GET /read 304 - - 6.286 ms
GET /read 304 - - 3.940 ms
GET /read4 304 - - 3.487 ms
GET /read4 304 - - 2.158 ms
GET /read5 304 - - 7.376 ms
GET /read5 304 - - 6.589 ms
GET /read 304 - - 4.246 ms
GET /read 304 - - 3.588 ms
GET /read3 304 - - 3.465 ms
GET /read3 304 - - 3.260 ms
GET /read5 304 - - 5.323 ms
GET /read5 304 - - 4.423 ms
GET /read4 304 - - 2.786 ms
GET /read4 304 - - 3.563 ms
GET /read6 304 - - 4.138 ms
GET /read6 304 - - 2.418 ms
GET /read7 304 - - 4.070 ms
GET /read7 304 - - 2.214 ms
GET /read 304 - - 4.034 ms
GET /read 304 - - 4.985 ms
GET /read7 304 - - 5.553 ms
GET /read7 304 - - 3.089 ms
GET /read 304 - - 2.965 ms
GET /read 304 - - 3.563 ms
GET /read 304 - - 3.434 ms
GET /read 304 - - 3.216 ms
GET /read 304 - - 2.810 ms
GET /read 304 - - 4.523 ms
GET /read 304 - - 9.301 ms
GET /read 304 - - 3.241 ms
GET /read3 304 - - 3.013 ms
GET /read3 304 - - 3.794 ms
GET /read5 304 - - 5.179 ms
GET /read5 304 - - 2.196 ms
GET /read4 304 - - 4.233 ms
GET /read4 304 - - 3.686 ms
GET /read6 304 - - 3.780 ms
GET /read6 304 - - 2.381 ms
GET /read4 304 - - 2.979 ms
GET /read4 304 - - 3.626 ms
GET /read3 304 - - 3.656 ms
GET /read3 304 - - 2.522 ms
GET /read 304 - - 2.771 ms
GET /read 304 - - 5.055 ms
DELETE /delete/6419cbfbf1f9883509bf60da - - - - ms
GET /read 200 1085 - 4.372 ms
GET /read 304 - - 2.921 ms
GET /read 304 - - 7.584 ms
GET /read 304 - - 2.885 ms
POST /insert 200 15 - 20.716 ms
GET /read 200 1252 - 2.326 ms
GET /read 304 - - 3.215 ms
GET /read 304 - - 3.951 ms
GET /read 304 - - 1.933 ms
GET /read 304 - - 3.121 ms
GET /read 304 - - 3.200 ms
GET /read 304 - - 3.831 ms
GET /read 304 - - 3.951 ms
GET /read 304 - - 3.069 ms
GET /read 304 - - 2.812 ms
POST /insert 200 15 - 3.233 ms
GET /read 200 1419 - 3.849 ms
GET /read 304 - - 3.385 ms
GET /read 304 - - 4.143 ms
GET /read 304 - - 4.879 ms
POST /insert - - - - ms
POST /insert - - - - ms
POST /insert - - - - ms
POST /insert - - - - ms
POST /insert - - - - ms
GET /read 304 - - 4.048 ms
GET /read 304 - - 4.304 ms
POST /insert 200 15 - 6.292 ms
GET /read 200 1584 - 5.144 ms
GET /read 304 - - 4.111 ms
GET /read 304 - - 3.286 ms
GET /read 304 - - 3.836 ms
GET /read 304 - - 5.168 ms
GET /read 304 - - 7.668 ms
GET /read 304 - - 3.084 ms
GET /read 304 - - 5.883 ms
GET /read 304 - - 3.047 ms
POST /insert 200 15 - 5.244 ms
POST /insert - - - - ms
POST /insert - - - - ms
GET /read 200 1720 - 3.577 ms
GET /read 304 - - 2.937 ms
GET /read 304 - - 3.560 ms
GET /read 304 - - 2.259 ms
GET /read 304 - - 3.094 ms
GET /read 304 - - 3.056 ms
GET /read 304 - - 3.285 ms
GET /read 304 - - 4.357 ms
GET /read 304 - - 2.853 ms
GET /read 304 - - 3.427 ms
GET /read 304 - - 2.797 ms
GET /read 304 - - 2.503 ms
GET /read 304 - - 2.611 ms
GET /read 304 - - 3.224 ms
GET /read 304 - - 4.061 ms
GET /read 304 - - 3.333 ms
GET /read 304 - - 4.036 ms
GET /read 304 - - 2.512 ms
GET /read 304 - - 2.944 ms
GET /read 304 - - 3.928 ms
POST /insert 200 15 - 5.439 ms
GET /read 200 955 - 3.334 ms
GET /read 304 - - 3.508 ms
GET /read 304 - - 4.239 ms
GET /read 304 - - 7.684 ms
GET /read 304 - - 4.081 ms
GET /read 304 - - 2.775 ms
GET /read 304 - - 3.637 ms
GET /read 304 - - 4.093 ms
GET /read 304 - - 5.361 ms
GET /read 304 - - 3.675 ms
GET /read 304 - - 6.902 ms
GET /read 304 - - 3.729 ms
GET /read 304 - - 3.188 ms
GET /read 304 - - 4.510 ms
GET /read 304 - - 2.107 ms
GET /read 304 - - 2.772 ms
GET /read 304 - - 6.098 ms
GET /read 304 - - 2.883 ms
GET /read 304 - - 3.804 ms
GET /read 304 - - 4.710 ms
