GET /read 304 - - 49.856 ms
GET /read 304 - - 5.067 ms
GET /read 304 - - 4.001 ms
GET /read 304 - - 3.538 ms
GET /read 304 - - 2.966 ms
GET /read 304 - - 4.600 ms
POST /insert 200 15 - 35.519 ms
GET /read 200 1086 - 6.846 ms
GET /read 304 - - 6.114 ms
GET /read 304 - - 2.833 ms
GET /read 304 - - 6.382 ms
GET /read 304 - - 9.897 ms
GET /read 304 - - 3.011 ms
POST /insert - - - - ms
POST /insert - - - - ms
GET /read 304 - - 5.220 ms
GET /read 304 - - 3.835 ms
GET /read 304 - - 2.790 ms
GET /read 304 - - 3.367 ms
GET /read 304 - - 3.751 ms
GET /read 304 - - 5.007 ms
GET /read 304 - - 7.970 ms
GET /read 304 - - 11.795 ms
POST /insert - - - - ms
POST /insert - - - - ms
GET /read 304 - - 3.192 ms
GET /read 304 - - 3.545 ms
GET /read 304 - - 2.353 ms
GET /read 304 - - 2.690 ms
POST /insert 200 15 - 3.311 ms
GET /read 200 1228 - 3.074 ms
GET /read 304 - - 6.286 ms
POST /insert - - - - ms
GET /read 304 - - 7.767 ms
GET /read 304 - - 13.567 ms
GET /read 304 - - 7.373 ms
GET /read 304 - - 4.646 ms
GET /read 304 - - 6.343 ms
GET /read 304 - - 3.130 ms
POST /insert - - - - ms
GET /read 304 - - 3.635 ms
GET /read 304 - - 3.846 ms
GET /read 304 - - 5.681 ms
GET /read 304 - - 3.915 ms
GET /read 304 - - 3.633 ms
GET /read 304 - - 3.887 ms
GET /read 304 - - 2.232 ms
GET /read 304 - - 3.061 ms
GET /read 304 - - 3.795 ms
GET /read 304 - - 2.797 ms
GET /read 304 - - 3.358 ms
GET /read 304 - - 4.860 ms
POST /insert - - - - ms
GET /read 304 - - 5.227 ms
GET /read 304 - - 2.486 ms
GET /read 304 - - 2.506 ms
GET /read 304 - - 2.176 ms
GET /read 304 - - 3.506 ms
GET /read 304 - - 2.959 ms
GET /read 304 - - 3.067 ms
GET /read 304 - - 3.351 ms
GET /read 304 - - 2.184 ms
GET /read 304 - - 2.337 ms
GET /read 304 - - 2.721 ms
GET /read 304 - - 2.367 ms
GET /read 304 - - 4.415 ms
GET /read 304 - - 3.125 ms
GET /read 304 - - 2.359 ms
GET /read 304 - - 2.268 ms
GET /read 304 - - 3.211 ms
GET /read 304 - - 6.199 ms
POST /insert - - - - ms
GET /read 304 - - 4.292 ms
GET /read 304 - - 2.991 ms
GET /read 304 - - 3.475 ms
GET /read 304 - - 3.320 ms
GET /read 304 - - 3.445 ms
GET /read 304 - - 2.849 ms
GET /read 304 - - 4.207 ms
GET /read 304 - - 2.568 ms
GET /read 304 - - 2.078 ms
GET /read 304 - - 3.711 ms
GET /read 304 - - 2.564 ms
GET /read 304 - - 2.826 ms
GET /read 304 - - 2.180 ms
GET /read 304 - - 3.845 ms
GET /read 304 - - 4.274 ms
GET /read 304 - - 4.313 ms
POST /insert - - - - ms
POST /insert - - - - ms
POST /insert - - - - ms
POST /insert - - - - ms
GET /read 304 - - 3.131 ms
GET /read 304 - - 4.527 ms
GET /read 304 - - 2.743 ms
GET /read 304 - - 3.310 ms
GET /read 304 - - 2.964 ms
GET /read 304 - - 3.194 ms
GET /read 304 - - 9.586 ms
GET /read 304 - - 2.637 ms
GET /read 304 - - 3.044 ms
GET /read 304 - - 3.479 ms
POST /insert 200 15 - 3.166 ms
POST /insert - - - - ms
GET /read 200 1317 - 5.103 ms
GET /read 304 - - 2.546 ms
GET /read 304 - - 2.655 ms
GET /read 304 - - 2.199 ms
GET /read 304 - - 6.295 ms
GET /read 304 - - 3.851 ms
GET /read 304 - - 7.628 ms
GET /read 304 - - 3.622 ms
POST /insert 200 15 - 6.353 ms
GET /read 200 460 - 2.582 ms
GET /read 304 - - 2.470 ms
GET /read 304 - - 1.887 ms
GET /read 304 - - 3.005 ms
GET /read 304 - - 2.794 ms
GET /read 304 - - 1.680 ms
GET /read 304 - - 7.386 ms
GET /read 304 - - 4.024 ms
GET /read 304 - - 2.012 ms
GET /read 304 - - 3.532 ms
GET /read 304 - - 2.441 ms
GET /read 304 - - 1.841 ms
GET /read 304 - - 2.164 ms
GET /read 304 - - 2.273 ms
GET /read 304 - - 2.333 ms
GET /read 304 - - 3.778 ms
GET /read 304 - - 2.612 ms
GET /read 304 - - 2.042 ms
GET /read 304 - - 2.029 ms
GET /read 304 - - 3.226 ms
GET /read 304 - - 2.705 ms
GET /read 304 - - 2.338 ms
GET /read 304 - - 3.115 ms
GET /read 304 - - 3.585 ms
GET /read 304 - - 4.498 ms
GET /read 304 - - 3.693 ms
GET /read 304 - - 3.400 ms
GET /read 304 - - 2.244 ms
GET /read 304 - - 2.761 ms
GET /read 304 - - 2.404 ms
GET /read 304 - - 2.361 ms
GET /read 304 - - 2.333 ms
GET /read 304 - - 5.190 ms
GET /read 304 - - 3.674 ms
GET /read 304 - - 2.166 ms
GET /read 304 - - 2.868 ms
GET /read 304 - - 2.142 ms
GET /read 304 - - 2.199 ms
GET /read 304 - - 5.224 ms
GET /read 304 - - 5.192 ms
POST /insert - - - - ms
POST /insert - - - - ms
GET /read 304 - - 3.326 ms
GET /read 304 - - 2.724 ms
GET /read 304 - - 1.924 ms
GET /read 304 - - 2.330 ms
POST /insert 200 15 - 2.641 ms
GET /read 200 604 - 6.106 ms
GET /read 304 - - 3.010 ms
GET /read 304 - - 2.271 ms
GET /read 304 - - 1.984 ms
GET /read 304 - - 3.072 ms
GET /read 304 - - 2.750 ms
GET /read 304 - - 2.334 ms
GET /read 304 - - 2.924 ms
GET /read 304 - - 1.977 ms
GET /read 304 - - 3.188 ms
GET /favicon.ico 404 150 - 4.208 ms
GET /read 304 - - 17.711 ms
GET /read 304 - - 4.699 ms
GET /read 304 - - 6.755 ms
GET /read 304 - - 3.347 ms
POST /insert 200 15 - 15.560 ms
GET /read 200 745 - 4.063 ms
GET /read 304 - - 4.305 ms
GET /read 304 - - 3.841 ms
GET /read 304 - - 4.383 ms
GET /read 304 - - 3.876 ms
GET /read 304 - - 3.206 ms
GET /read 304 - - 12.854 ms
GET /read 304 - - 4.279 ms
GET /read 304 - - 4.695 ms
GET /read 304 - - 3.962 ms
GET /read 304 - - 5.474 ms
GET /read 304 - - 4.328 ms
GET /read 304 - - 4.837 ms
GET /read 304 - - 3.252 ms
GET /read 304 - - 19.626 ms
GET /read 304 - - 8.417 ms
POST /insert 200 15 - 17.279 ms
GET /read 200 914 - 26.389 ms
GET /read 304 - - 6.780 ms
POST /insert 200 15 - 17.966 ms
GET /read4 304 - - 7.713 ms
GET /read4 304 - - 4.269 ms
POST /hospitals 200 15 - 13.273 ms
GET /read 200 1085 - 6.305 ms
GET /read 304 - - 5.049 ms
POST /insert 200 15 - 5.476 ms
GET /read 200 1229 - 22.117 ms
GET /logo.svg 404 147 - 1.955 ms
GET /favicon.ico 404 150 - 0.960 ms
GET /logo.svg 404 147 - 0.360 ms
GET /logo.svg 404 147 - 0.689 ms
GET /logo.svg 404 147 - 0.351 ms
GET /logo.svg 404 147 - 0.480 ms
GET /logo.svg 404 147 - 1.550 ms
GET /logo.svg 404 147 - 0.469 ms
GET /logo.svg 404 147 - 0.707 ms
GET /logo.svg 404 147 - 0.489 ms
GET /logo.svg 404 147 - 0.295 ms
GET /logo.svg 404 147 - 0.495 ms
GET /logo.svg 404 147 - 0.359 ms
GET /logo.svg 404 147 - 4.047 ms
GET /logo.svg 404 147 - 2.720 ms
GET /logo.svg 404 147 - 0.469 ms
GET /logo.svg 404 147 - 3.703 ms
GET /logo.svg 404 147 - 1.778 ms
GET /logo.svg 404 147 - 5.061 ms
GET /read/llist 404 149 - 0.971 ms
GET /read/id=1 404 148 - 0.308 ms
GET /read 200 1229 - 19.416 ms
GET /read 200 1229 - 6.051 ms
GET /read 304 - - 4.612 ms
GET /read 304 - - 5.335 ms
GET /read 304 - - 3.462 ms
GET /read 304 - - 3.758 ms
GET /read 304 - - 3.924 ms
GET /read 304 - - 3.599 ms
GET /read 304 - - 5.997 ms
GET /read 304 - - 2.902 ms
GET /read 304 - - 4.091 ms
POST /login 200 15 - 15.005 ms
GET /read 304 - - 8.988 ms
GET /read 304 - - 5.438 ms
GET /read 304 - - 5.696 ms
GET /read 304 - - 6.532 ms
GET /read 304 - - 4.519 ms
GET /read 304 - - 5.341 ms
GET /read 304 - - 5.313 ms
GET /read 304 - - 3.890 ms
GET /read 304 - - 2.575 ms
GET /read 304 - - 4.345 ms
