GET /read7 304 - - 9.938 ms
GET /read7 304 - - 7.023 ms
GET /read7 304 - - 5.305 ms
GET /read7 304 - - 3.326 ms
GET /read7 304 - - 6.909 ms
GET /read7 304 - - 4.635 ms
GET /read7 304 - - 4.567 ms
GET /read7 304 - - 3.603 ms
GET /read7 304 - - 3.876 ms
GET /read7 304 - - 3.016 ms
GET /read3 304 - - 6.943 ms
GET /read3 304 - - 15.226 ms
GET /read5 200 1382 - 4.777 ms
GET /read5 304 - - 7.531 ms
GET /favicon.ico 404 150 - 7.827 ms
GET /read2 304 - - 37.671 ms
GET /read2 304 - - 7.821 ms
POST /read2 200 16 - 505.253 ms
POST /read2 200 16 - 541.752 ms
GET /read2 200 818 - 11.304 ms
GET /read 200 933 - 12.779 ms
GET /read2 304 - - 12.485 ms
GET /read 304 - - 10.137 ms
GET /read2 304 - - 11.735 ms
GET /read2 304 - - 8.202 ms
GET /read2 304 - - 7.793 ms
GET /read2 304 - - 9.725 ms
POST /read2 401 25 - 8.297 ms
POST /read2 401 25 - 5.771 ms
GET /read 304 - - 13.938 ms
GET /read 304 - - 6.840 ms
GET /read 304 - - 4.409 ms
GET /read 304 - - 6.495 ms
GET /read 304 - - 5.223 ms
GET /Admin 404 144 - 1.226 ms
GET /Admin 404 144 - 0.859 ms
GET /read 304 - - 3.710 ms
GET /read 304 - - 4.303 ms
GET /read3 304 - - 8.683 ms
GET /read3 304 - - 5.285 ms
GET /read5 200 1382 - 7.114 ms
GET /read5 304 - - 4.422 ms
GET /read3 304 - - 7.136 ms
GET /read3 304 - - 5.012 ms
GET /read2 304 - - 7.105 ms
GET /read2 304 - - 4.945 ms
GET /read3 304 - - 5.572 ms
GET /read3 304 - - 8.264 ms
DELETE /delete/6419ea11843599aee73556e0 - - - - ms
GET /read3 200 695 - 4.202 ms
GET /read3 304 - - 4.182 ms
GET /read3 304 - - 6.085 ms
GET /read3 304 - - 5.092 ms
GET /read6 200 451 - 4.651 ms
GET /read6 304 - - 4.791 ms
GET /read7 304 - - 7.162 ms
GET /read7 304 - - 10.968 ms
GET /read2 304 - - 4.750 ms
GET /read2 304 - - 5.458 ms
GET /read3 304 - - 6.073 ms
GET /read3 304 - - 5.397 ms
POST /donors 200 15 - 9.243 ms
GET /read5 304 - - 5.522 ms
GET /read5 304 - - 4.721 ms
POST /patients 200 15 - 17.284 ms
POST /read 200 15 - 205.911 ms
